<?xml version="1.0" encoding="UTF-8"?>
<!-- Generated by org.testng.reporters.JUnitReportReporter -->
<testsuite skipped="0" hostname="ATMECSINLT-085" name="com.atmecs.csslocators.testscripts.DynamicTestng" tests="1" failures="0" timestamp="22 Oct 2019 11:07:35 GMT" time="59.049" errors="0">
  <testcase name="xmlsuite" time="59.049" classname="com.atmecs.csslocators.testscripts.DynamicTestng"/>
</testsuite> <!-- com.atmecs.csslocators.testscripts.DynamicTestng -->
