<?xml version="1.0" encoding="UTF-8"?>
<!-- Generated by org.testng.reporters.JUnitReportReporter -->
<testsuite skipped="0" hostname="ATMECSINLT-085" name="com.atmecs.csslocators.testscripts.MultipleTest" tests="1" failures="0" timestamp="22 Oct 2019 13:29:13 GMT" time="66.701" errors="0">
  <testcase name="xmlsuite" time="66.701" classname="com.atmecs.csslocators.testscripts.MultipleTest"/>
</testsuite> <!-- com.atmecs.csslocators.testscripts.MultipleTest -->
