<?xml version="1.0" encoding="UTF-8"?>
<!-- Generated by org.testng.reporters.JUnitReportReporter -->
<testsuite skipped="0" hostname="ATMECSINLT-085" name="com.atmecs.csslocators.testscripts.RunTestNG" tests="1" failures="0" timestamp="22 Oct 2019 10:54:15 GMT" time="24.029" errors="0">
  <testcase name="runTestFile" time="24.029" classname="com.atmecs.csslocators.testscripts.RunTestNG"/>
</testsuite> <!-- com.atmecs.csslocators.testscripts.RunTestNG -->
