<?xml version="1.0" encoding="UTF-8"?>
<!-- Generated by org.testng.reporters.JUnitReportReporter -->
<testsuite skipped="0" hostname="ATMECSINLT-085" name="com.atmecs.csslocators.testscripts.TestVerifyYatra" tests="1" failures="0" timestamp="22 Oct 2019 10:25:35 GMT" time="11.483" errors="0">
  <testcase name="verifyYatra" time="11.483" classname="com.atmecs.csslocators.testscripts.TestVerifyYatra"/>
</testsuite> <!-- com.atmecs.csslocators.testscripts.TestVerifyYatra -->
